2020-09-17T09:29:05.139Z error: ER_DUP_ENTRY: Duplicate entry 'a32f87d0-f8bd-11ea-8b68-3de21c8237be' for key 'PRIMARY'
2020-09-18T09:40:16.176Z error: ER_WRONG_VALUE_COUNT_ON_ROW: Column count doesn't match value count at row 1
2020-09-18T09:45:23.457Z error: ER_WRONG_VALUE_COUNT_ON_ROW: Column count doesn't match value count at row 1
2020-09-18T09:46:20.619Z error: ER_WRONG_VALUE_COUNT_ON_ROW: Column count doesn't match value count at row 1
2020-09-18T09:47:12.643Z error: ER_WRONG_VALUE_COUNT_ON_ROW: Column count doesn't match value count at row 1
2020-09-18T09:47:47.810Z error: ER_WRONG_VALUE_COUNT_ON_ROW: Column count doesn't match value count at row 1
2020-09-18T10:09:18.143Z error: ER_PARSE_ERROR: You have an error in your SQL syntax; check the manual that corresponds to your MySQL server version for the right syntax to use near '?' at line 1
2020-09-21T01:31:17.367Z error: ER_PARSE_ERROR: You have an error in your SQL syntax; check the manual that corresponds to your MySQL server version for the right syntax to use near '?' at line 1
2020-09-21T03:44:50.163Z error: ER_PARSE_ERROR: You have an error in your SQL syntax; check the manual that corresponds to your MySQL server version for the right syntax to use near '?)' at line 1
2020-09-21T03:47:03.513Z error: ER_PARSE_ERROR: You have an error in your SQL syntax; check the manual that corresponds to your MySQL server version for the right syntax to use near '?)' at line 1
2020-09-21T03:49:00.514Z error: ER_PARSE_ERROR: You have an error in your SQL syntax; check the manual that corresponds to your MySQL server version for the right syntax to use near '?)' at line 1
2020-09-21T06:32:16.925Z error: ER_OPERAND_COLUMNS: Operand should contain 1 column(s)
2020-09-21T07:35:58.624Z error: ER_DUP_ENTRY: Duplicate entry 'fe3e3240-fbdb-11ea-9c20-a998a7902a52' for key 'PRIMARY'
2020-09-21T07:36:12.984Z error: ER_DUP_ENTRY: Duplicate entry 'fe3e3240-fbdb-11ea-9c20-a998a7902a52' for key 'PRIMARY'
2020-09-21T07:37:00.149Z error: ER_DUP_ENTRY: Duplicate entry 'fe3e3240-fbdb-11ea-9c20-a998a7902a52' for key 'PRIMARY'
2020-09-21T07:40:32.719Z error: ER_DUP_ENTRY: Duplicate entry 'fe3e3240-fbdb-11ea-9c20-a998a7902a52' for key 'PRIMARY'
2020-10-13T09:36:00.278Z error: ER_DUP_ENTRY: Duplicate entry '62053bb0-0d35-11' for key 'PRIMARY'
2020-10-13T09:36:36.538Z error: ER_DUP_ENTRY: Duplicate entry '62053bb0-0d35-11' for key 'PRIMARY'
2020-10-21T09:56:09.216Z error: ER_EMPTY_QUERY: Query was empty
2020-10-21T10:00:24.235Z error: ER_EMPTY_QUERY: Query was empty
2020-10-21T10:02:17.333Z error: ER_PARSE_ERROR: You have an error in your SQL syntax; check the manual that corresponds to your MySQL server version for the right syntax to use near 'like=0, comment_replys='[{\"id\":\"541cc7-12e-522-1630-0f16562d6\",\"name\":\"yy' at line 1
2020-10-23T03:48:21.025Z error: ER_PARSE_ERROR: You have an error in your SQL syntax; check the manual that corresponds to your MySQL server version for the right syntax to use near 'like=0, comment_replys='[object Object]' where id='31d753b0-0eca-11'' at line 1
2020-10-23T03:53:29.354Z error: ER_PARSE_ERROR: You have an error in your SQL syntax; check the manual that corresponds to your MySQL server version for the right syntax to use near 'like=0, comment_replys='[{\"id\":\"2e1f0ee-8eb-c5b-6078-6b8342e7c1\",\"name\":\"' at line 1
2020-10-23T09:02:27.553Z error: ER_PARSE_ERROR: You have an error in your SQL syntax; check the manual that corresponds to your MySQL server version for the right syntax to use near 'like=0, comment_replys='[{\"id\":\"63b46fc-4df7-124e-fb12-6f77aa8ff1\",\"name\":' at line 1
2020-10-23T09:13:05.064Z error: ER_PARSE_ERROR: You have an error in your SQL syntax; check the manual that corresponds to your MySQL server version for the right syntax to use near 'like=0, comment_replys='[{\"id\":\"7abd27-ed11-e4dd-6628-f14d7eff3b0\",\"name\":' at line 1
2020-10-23T09:17:28.674Z error: ER_PARSE_ERROR: You have an error in your SQL syntax; check the manual that corresponds to your MySQL server version for the right syntax to use near 'like=0, comment_replys='[{\"id\":\"c3541e-c6f4-cfbe-15e-78445f5ff333\",\"name\":' at line 1
2020-10-23T09:20:50.260Z error: ER_PARSE_ERROR: You have an error in your SQL syntax; check the manual that corresponds to your MySQL server version for the right syntax to use near 'like=0, comment_replys='[{\"id\":\"c3541e-c6f4-cfbe-15e-78445f5ff333\",\"name\":' at line 1
2020-10-23T09:35:39.465Z error: ER_PARSE_ERROR: You have an error in your SQL syntax; check the manual that corresponds to your MySQL server version for the right syntax to use near 'like=0, comment_replys='[{\"id\":\"c3541e-c6f4-cfbe-15e-78445f5ff333\",\"name\":' at line 1
