::1 - - [30/Jul/2020:08:41:40 +0000] "GET /index.html HTTP/1.1" 304 - "-" "Mozilla/5.0 (Windows NT 10.0; Win64; x64) AppleWebKit/537.36 (KHTML, like Gecko) Chrome/84.0.4147.89 Safari/537.36"
::1 - - [30/Jul/2020:08:41:40 +0000] "GET /Iconfont/iconfont.css HTTP/1.1" 304 - "http://localhost:3000/index.html" "Mozilla/5.0 (Windows NT 10.0; Win64; x64) AppleWebKit/537.36 (KHTML, like Gecko) Chrome/84.0.4147.89 Safari/537.36"
::1 - - [30/Jul/2020:08:41:40 +0000] "GET /static/css/main.026e47e4.chunk.css HTTP/1.1" 304 - "http://localhost:3000/index.html" "Mozilla/5.0 (Windows NT 10.0; Win64; x64) AppleWebKit/537.36 (KHTML, like Gecko) Chrome/84.0.4147.89 Safari/537.36"
::1 - - [30/Jul/2020:08:41:40 +0000] "GET /static/js/2.2a09a433.chunk.js HTTP/1.1" 304 - "http://localhost:3000/index.html" "Mozilla/5.0 (Windows NT 10.0; Win64; x64) AppleWebKit/537.36 (KHTML, like Gecko) Chrome/84.0.4147.89 Safari/537.36"
::1 - - [30/Jul/2020:08:41:40 +0000] "GET /static/js/main.20da7e3d.chunk.js HTTP/1.1" 304 - "http://localhost:3000/index.html" "Mozilla/5.0 (Windows NT 10.0; Win64; x64) AppleWebKit/537.36 (KHTML, like Gecko) Chrome/84.0.4147.89 Safari/537.36"
::1 - - [30/Jul/2020:08:41:45 +0000] "GET / HTTP/1.1" 304 - "-" "Mozilla/5.0 (Windows NT 10.0; Win64; x64) AppleWebKit/537.36 (KHTML, like Gecko) Chrome/84.0.4147.89 Safari/537.36"
::1 - - [30/Jul/2020:08:41:45 +0000] "GET / HTTP/1.1" 304 - "http://localhost:3000/" "Mozilla/5.0 (Windows NT 10.0; Win64; x64) AppleWebKit/537.36 (KHTML, like Gecko) Chrome/84.0.4147.89 Safari/537.36"
::1 - - [30/Jul/2020:08:41:48 +0000] "GET / HTTP/1.1" 304 - "-" "Mozilla/5.0 (Windows NT 10.0; Win64; x64) AppleWebKit/537.36 (KHTML, like Gecko) Chrome/84.0.4147.89 Safari/537.36"
::1 - - [30/Jul/2020:08:41:53 +0000] "GET /index.html HTTP/1.1" 304 - "-" "Mozilla/5.0 (Windows NT 10.0; Win64; x64) AppleWebKit/537.36 (KHTML, like Gecko) Chrome/84.0.4147.89 Safari/537.36"
::1 - - [30/Jul/2020:08:41:53 +0000] "GET /Iconfont/iconfont.css HTTP/1.1" 304 - "http://localhost:3000/index.html" "Mozilla/5.0 (Windows NT 10.0; Win64; x64) AppleWebKit/537.36 (KHTML, like Gecko) Chrome/84.0.4147.89 Safari/537.36"
::1 - - [30/Jul/2020:08:41:53 +0000] "GET /static/css/main.026e47e4.chunk.css HTTP/1.1" 304 - "http://localhost:3000/index.html" "Mozilla/5.0 (Windows NT 10.0; Win64; x64) AppleWebKit/537.36 (KHTML, like Gecko) Chrome/84.0.4147.89 Safari/537.36"
::1 - - [30/Jul/2020:08:41:53 +0000] "GET /static/js/2.2a09a433.chunk.js HTTP/1.1" 304 - "http://localhost:3000/index.html" "Mozilla/5.0 (Windows NT 10.0; Win64; x64) AppleWebKit/537.36 (KHTML, like Gecko) Chrome/84.0.4147.89 Safari/537.36"
::1 - - [30/Jul/2020:08:41:53 +0000] "GET /static/js/main.20da7e3d.chunk.js HTTP/1.1" 304 - "http://localhost:3000/index.html" "Mozilla/5.0 (Windows NT 10.0; Win64; x64) AppleWebKit/537.36 (KHTML, like Gecko) Chrome/84.0.4147.89 Safari/537.36"
::1 - - [30/Jul/2020:08:41:58 +0000] "GET /index.html HTTP/1.1" 304 - "-" "Mozilla/5.0 (Windows NT 10.0; Win64; x64) AppleWebKit/537.36 (KHTML, like Gecko) Chrome/84.0.4147.89 Safari/537.36"
::1 - - [30/Jul/2020:08:41:58 +0000] "GET /Iconfont/iconfont.css HTTP/1.1" 304 - "http://localhost:3000/index.html" "Mozilla/5.0 (Windows NT 10.0; Win64; x64) AppleWebKit/537.36 (KHTML, like Gecko) Chrome/84.0.4147.89 Safari/537.36"
::1 - - [30/Jul/2020:08:41:58 +0000] "GET /static/css/main.026e47e4.chunk.css HTTP/1.1" 304 - "http://localhost:3000/index.html" "Mozilla/5.0 (Windows NT 10.0; Win64; x64) AppleWebKit/537.36 (KHTML, like Gecko) Chrome/84.0.4147.89 Safari/537.36"
::1 - - [30/Jul/2020:08:41:58 +0000] "GET /static/js/2.2a09a433.chunk.js HTTP/1.1" 304 - "http://localhost:3000/index.html" "Mozilla/5.0 (Windows NT 10.0; Win64; x64) AppleWebKit/537.36 (KHTML, like Gecko) Chrome/84.0.4147.89 Safari/537.36"
::1 - - [30/Jul/2020:08:41:58 +0000] "GET /static/js/main.20da7e3d.chunk.js HTTP/1.1" 304 - "http://localhost:3000/index.html" "Mozilla/5.0 (Windows NT 10.0; Win64; x64) AppleWebKit/537.36 (KHTML, like Gecko) Chrome/84.0.4147.89 Safari/537.36"
::1 - - [30/Jul/2020:08:42:22 +0000] "GET /index.html HTTP/1.1" 304 - "http://localhost:3000/index.html" "Mozilla/5.0 (Windows NT 10.0; Win64; x64) AppleWebKit/537.36 (KHTML, like Gecko) Chrome/84.0.4147.89 Safari/537.36"
::1 - - [30/Jul/2020:08:42:22 +0000] "GET /Iconfont/iconfont.css HTTP/1.1" 304 - "http://localhost:3000/index.html" "Mozilla/5.0 (Windows NT 10.0; Win64; x64) AppleWebKit/537.36 (KHTML, like Gecko) Chrome/84.0.4147.89 Safari/537.36"
::1 - - [30/Jul/2020:08:42:22 +0000] "GET /static/css/main.026e47e4.chunk.css HTTP/1.1" 304 - "http://localhost:3000/index.html" "Mozilla/5.0 (Windows NT 10.0; Win64; x64) AppleWebKit/537.36 (KHTML, like Gecko) Chrome/84.0.4147.89 Safari/537.36"
::1 - - [30/Jul/2020:08:42:22 +0000] "GET /static/js/2.2a09a433.chunk.js HTTP/1.1" 304 - "http://localhost:3000/index.html" "Mozilla/5.0 (Windows NT 10.0; Win64; x64) AppleWebKit/537.36 (KHTML, like Gecko) Chrome/84.0.4147.89 Safari/537.36"
::1 - - [30/Jul/2020:08:42:22 +0000] "GET /static/js/main.20da7e3d.chunk.js HTTP/1.1" 304 - "http://localhost:3000/index.html" "Mozilla/5.0 (Windows NT 10.0; Win64; x64) AppleWebKit/537.36 (KHTML, like Gecko) Chrome/84.0.4147.89 Safari/537.36"
::1 - - [30/Jul/2020:08:42:27 +0000] "GET /index.html HTTP/1.1" 304 - "-" "Mozilla/5.0 (Windows NT 10.0; Win64; x64) AppleWebKit/537.36 (KHTML, like Gecko) Chrome/84.0.4147.89 Safari/537.36"
::1 - - [30/Jul/2020:08:42:27 +0000] "GET /Iconfont/iconfont.css HTTP/1.1" 304 - "http://localhost:3000/index.html" "Mozilla/5.0 (Windows NT 10.0; Win64; x64) AppleWebKit/537.36 (KHTML, like Gecko) Chrome/84.0.4147.89 Safari/537.36"
::1 - - [30/Jul/2020:08:42:27 +0000] "GET /static/css/main.026e47e4.chunk.css HTTP/1.1" 304 - "http://localhost:3000/index.html" "Mozilla/5.0 (Windows NT 10.0; Win64; x64) AppleWebKit/537.36 (KHTML, like Gecko) Chrome/84.0.4147.89 Safari/537.36"
::1 - - [30/Jul/2020:08:42:27 +0000] "GET /static/js/2.2a09a433.chunk.js HTTP/1.1" 304 - "http://localhost:3000/index.html" "Mozilla/5.0 (Windows NT 10.0; Win64; x64) AppleWebKit/537.36 (KHTML, like Gecko) Chrome/84.0.4147.89 Safari/537.36"
::1 - - [30/Jul/2020:08:42:27 +0000] "GET /static/js/main.20da7e3d.chunk.js HTTP/1.1" 304 - "http://localhost:3000/index.html" "Mozilla/5.0 (Windows NT 10.0; Win64; x64) AppleWebKit/537.36 (KHTML, like Gecko) Chrome/84.0.4147.89 Safari/537.36"
::1 - - [30/Jul/2020:08:42:27 +0000] "GET /Iconfont/iconfont.css HTTP/1.1" 304 - "http://localhost:3000/index.html" "Mozilla/5.0 (Windows NT 10.0; Win64; x64) AppleWebKit/537.36 (KHTML, like Gecko) Chrome/84.0.4147.89 Safari/537.36"
::1 - - [30/Jul/2020:08:42:27 +0000] "GET /static/css/main.026e47e4.chunk.css HTTP/1.1" 304 - "http://localhost:3000/index.html" "Mozilla/5.0 (Windows NT 10.0; Win64; x64) AppleWebKit/537.36 (KHTML, like Gecko) Chrome/84.0.4147.89 Safari/537.36"
::1 - - [30/Jul/2020:08:42:27 +0000] "GET /static/js/2.2a09a433.chunk.js HTTP/1.1" 304 - "http://localhost:3000/index.html" "Mozilla/5.0 (Windows NT 10.0; Win64; x64) AppleWebKit/537.36 (KHTML, like Gecko) Chrome/84.0.4147.89 Safari/537.36"
::1 - - [30/Jul/2020:08:42:27 +0000] "GET /static/js/main.20da7e3d.chunk.js HTTP/1.1" 304 - "http://localhost:3000/index.html" "Mozilla/5.0 (Windows NT 10.0; Win64; x64) AppleWebKit/537.36 (KHTML, like Gecko) Chrome/84.0.4147.89 Safari/537.36"
::1 - - [30/Jul/2020:08:42:30 +0000] "GET /index.html HTTP/1.1" 304 - "http://localhost:3000/index.html" "Mozilla/5.0 (Windows NT 10.0; Win64; x64) AppleWebKit/537.36 (KHTML, like Gecko) Chrome/84.0.4147.89 Safari/537.36"
::1 - - [30/Jul/2020:08:42:30 +0000] "GET /Iconfont/iconfont.css HTTP/1.1" 304 - "http://localhost:3000/index.html" "Mozilla/5.0 (Windows NT 10.0; Win64; x64) AppleWebKit/537.36 (KHTML, like Gecko) Chrome/84.0.4147.89 Safari/537.36"
::1 - - [30/Jul/2020:08:42:30 +0000] "GET /static/css/main.026e47e4.chunk.css HTTP/1.1" 304 - "http://localhost:3000/index.html" "Mozilla/5.0 (Windows NT 10.0; Win64; x64) AppleWebKit/537.36 (KHTML, like Gecko) Chrome/84.0.4147.89 Safari/537.36"
::1 - - [30/Jul/2020:08:42:30 +0000] "GET /static/js/2.2a09a433.chunk.js HTTP/1.1" 304 - "http://localhost:3000/index.html" "Mozilla/5.0 (Windows NT 10.0; Win64; x64) AppleWebKit/537.36 (KHTML, like Gecko) Chrome/84.0.4147.89 Safari/537.36"
::1 - - [30/Jul/2020:08:42:30 +0000] "GET /static/js/main.20da7e3d.chunk.js HTTP/1.1" 304 - "http://localhost:3000/index.html" "Mozilla/5.0 (Windows NT 10.0; Win64; x64) AppleWebKit/537.36 (KHTML, like Gecko) Chrome/84.0.4147.89 Safari/537.36"
::1 - - [30/Jul/2020:08:42:31 +0000] "GET /Iconfont/iconfont.css HTTP/1.1" 304 - "http://localhost:3000/index.html" "Mozilla/5.0 (Windows NT 10.0; Win64; x64) AppleWebKit/537.36 (KHTML, like Gecko) Chrome/84.0.4147.89 Safari/537.36"
::1 - - [30/Jul/2020:08:42:31 +0000] "GET /static/css/main.026e47e4.chunk.css HTTP/1.1" 304 - "http://localhost:3000/index.html" "Mozilla/5.0 (Windows NT 10.0; Win64; x64) AppleWebKit/537.36 (KHTML, like Gecko) Chrome/84.0.4147.89 Safari/537.36"
::1 - - [30/Jul/2020:08:42:31 +0000] "GET /static/js/2.2a09a433.chunk.js.map HTTP/1.1" 304 - "-" "Mozilla/5.0 (Windows NT 10.0; Win64; x64) AppleWebKit/537.36 (KHTML, like Gecko) Chrome/84.0.4147.89 Safari/537.36"
::1 - - [30/Jul/2020:08:42:31 +0000] "GET /static/js/main.20da7e3d.chunk.js.map HTTP/1.1" 304 - "-" "Mozilla/5.0 (Windows NT 10.0; Win64; x64) AppleWebKit/537.36 (KHTML, like Gecko) Chrome/84.0.4147.89 Safari/537.36"
::1 - - [30/Jul/2020:08:42:31 +0000] "GET /static/css/main.026e47e4.chunk.css.map HTTP/1.1" 304 - "-" "Mozilla/5.0 (Windows NT 10.0; Win64; x64) AppleWebKit/537.36 (KHTML, like Gecko) Chrome/84.0.4147.89 Safari/537.36"
::1 - - [30/Jul/2020:08:46:19 +0000] "GET /index.html HTTP/1.1" 304 - "http://localhost:3000/index.html" "Mozilla/5.0 (Windows NT 10.0; Win64; x64) AppleWebKit/537.36 (KHTML, like Gecko) Chrome/84.0.4147.89 Safari/537.36"
::1 - - [30/Jul/2020:08:46:19 +0000] "GET /Iconfont/iconfont.css HTTP/1.1" 304 - "http://localhost:3000/index.html" "Mozilla/5.0 (Windows NT 10.0; Win64; x64) AppleWebKit/537.36 (KHTML, like Gecko) Chrome/84.0.4147.89 Safari/537.36"
::1 - - [30/Jul/2020:08:46:19 +0000] "GET /static/css/main.026e47e4.chunk.css HTTP/1.1" 304 - "http://localhost:3000/index.html" "Mozilla/5.0 (Windows NT 10.0; Win64; x64) AppleWebKit/537.36 (KHTML, like Gecko) Chrome/84.0.4147.89 Safari/537.36"
::1 - - [30/Jul/2020:08:46:19 +0000] "GET /static/js/2.2a09a433.chunk.js HTTP/1.1" 304 - "http://localhost:3000/index.html" "Mozilla/5.0 (Windows NT 10.0; Win64; x64) AppleWebKit/537.36 (KHTML, like Gecko) Chrome/84.0.4147.89 Safari/537.36"
::1 - - [30/Jul/2020:08:46:19 +0000] "GET /static/js/main.20da7e3d.chunk.js HTTP/1.1" 304 - "http://localhost:3000/index.html" "Mozilla/5.0 (Windows NT 10.0; Win64; x64) AppleWebKit/537.36 (KHTML, like Gecko) Chrome/84.0.4147.89 Safari/537.36"
::1 - - [30/Jul/2020:08:46:19 +0000] "GET /static/js/2.2a09a433.chunk.js.map HTTP/1.1" 304 - "-" "Mozilla/5.0 (Windows NT 10.0; Win64; x64) AppleWebKit/537.36 (KHTML, like Gecko) Chrome/84.0.4147.89 Safari/537.36"
::1 - - [30/Jul/2020:08:46:19 +0000] "GET /static/js/main.20da7e3d.chunk.js.map HTTP/1.1" 304 - "-" "Mozilla/5.0 (Windows NT 10.0; Win64; x64) AppleWebKit/537.36 (KHTML, like Gecko) Chrome/84.0.4147.89 Safari/537.36"
::1 - - [30/Jul/2020:08:46:19 +0000] "GET /static/css/main.026e47e4.chunk.css.map HTTP/1.1" 304 - "-" "Mozilla/5.0 (Windows NT 10.0; Win64; x64) AppleWebKit/537.36 (KHTML, like Gecko) Chrome/84.0.4147.89 Safari/537.36"
::1 - - [30/Jul/2020:08:46:22 +0000] "GET / HTTP/1.1" 304 - "-" "Mozilla/5.0 (Windows NT 10.0; Win64; x64) AppleWebKit/537.36 (KHTML, like Gecko) Chrome/84.0.4147.89 Safari/537.36"
::1 - - [30/Jul/2020:08:46:22 +0000] "GET / HTTP/1.1" 304 - "http://localhost:3000/" "Mozilla/5.0 (Windows NT 10.0; Win64; x64) AppleWebKit/537.36 (KHTML, like Gecko) Chrome/84.0.4147.89 Safari/537.36"
::1 - - [30/Jul/2020:08:46:26 +0000] "GET / HTTP/1.1" 304 - "-" "Mozilla/5.0 (Windows NT 10.0; Win64; x64) AppleWebKit/537.36 (KHTML, like Gecko) Chrome/84.0.4147.89 Safari/537.36"
::1 - - [30/Jul/2020:08:46:31 +0000] "GET /index.html HTTP/1.1" 304 - "-" "Mozilla/5.0 (Windows NT 10.0; Win64; x64) AppleWebKit/537.36 (KHTML, like Gecko) Chrome/84.0.4147.89 Safari/537.36"
::1 - - [30/Jul/2020:08:46:31 +0000] "GET /Iconfont/iconfont.css HTTP/1.1" 304 - "http://localhost:3000/index.html" "Mozilla/5.0 (Windows NT 10.0; Win64; x64) AppleWebKit/537.36 (KHTML, like Gecko) Chrome/84.0.4147.89 Safari/537.36"
::1 - - [30/Jul/2020:08:46:32 +0000] "GET /static/css/main.026e47e4.chunk.css HTTP/1.1" 304 - "http://localhost:3000/index.html" "Mozilla/5.0 (Windows NT 10.0; Win64; x64) AppleWebKit/537.36 (KHTML, like Gecko) Chrome/84.0.4147.89 Safari/537.36"
::1 - - [30/Jul/2020:08:46:32 +0000] "GET /static/js/2.2a09a433.chunk.js HTTP/1.1" 304 - "http://localhost:3000/index.html" "Mozilla/5.0 (Windows NT 10.0; Win64; x64) AppleWebKit/537.36 (KHTML, like Gecko) Chrome/84.0.4147.89 Safari/537.36"
::1 - - [30/Jul/2020:08:46:32 +0000] "GET /static/js/main.20da7e3d.chunk.js HTTP/1.1" 304 - "http://localhost:3000/index.html" "Mozilla/5.0 (Windows NT 10.0; Win64; x64) AppleWebKit/537.36 (KHTML, like Gecko) Chrome/84.0.4147.89 Safari/537.36"
::1 - - [30/Jul/2020:08:46:32 +0000] "GET /static/css/main.026e47e4.chunk.css.map HTTP/1.1" 304 - "-" "Mozilla/5.0 (Windows NT 10.0; Win64; x64) AppleWebKit/537.36 (KHTML, like Gecko) Chrome/84.0.4147.89 Safari/537.36"
::1 - - [30/Jul/2020:08:46:32 +0000] "GET /static/js/2.2a09a433.chunk.js.map HTTP/1.1" 304 - "-" "Mozilla/5.0 (Windows NT 10.0; Win64; x64) AppleWebKit/537.36 (KHTML, like Gecko) Chrome/84.0.4147.89 Safari/537.36"
::1 - - [30/Jul/2020:08:46:32 +0000] "GET /static/js/main.20da7e3d.chunk.js.map HTTP/1.1" 304 - "-" "Mozilla/5.0 (Windows NT 10.0; Win64; x64) AppleWebKit/537.36 (KHTML, like Gecko) Chrome/84.0.4147.89 Safari/537.36"
::1 - - [30/Jul/2020:08:54:07 +0000] "GET / HTTP/1.1" 304 - "-" "Mozilla/5.0 (Windows NT 10.0; Win64; x64) AppleWebKit/537.36 (KHTML, like Gecko) Chrome/84.0.4147.89 Safari/537.36"
::1 - - [30/Jul/2020:08:54:07 +0000] "GET / HTTP/1.1" 304 - "http://localhost:3000/" "Mozilla/5.0 (Windows NT 10.0; Win64; x64) AppleWebKit/537.36 (KHTML, like Gecko) Chrome/84.0.4147.89 Safari/537.36"
::1 - - [30/Jul/2020:08:54:16 +0000] "GET /index.html HTTP/1.1" 304 - "-" "Mozilla/5.0 (Windows NT 10.0; Win64; x64) AppleWebKit/537.36 (KHTML, like Gecko) Chrome/84.0.4147.89 Safari/537.36"
::1 - - [30/Jul/2020:08:54:16 +0000] "GET /Iconfont/iconfont.css HTTP/1.1" 304 - "http://localhost:3000/index.html" "Mozilla/5.0 (Windows NT 10.0; Win64; x64) AppleWebKit/537.36 (KHTML, like Gecko) Chrome/84.0.4147.89 Safari/537.36"
::1 - - [30/Jul/2020:08:54:16 +0000] "GET /static/css/main.026e47e4.chunk.css HTTP/1.1" 304 - "http://localhost:3000/index.html" "Mozilla/5.0 (Windows NT 10.0; Win64; x64) AppleWebKit/537.36 (KHTML, like Gecko) Chrome/84.0.4147.89 Safari/537.36"
::1 - - [30/Jul/2020:08:54:16 +0000] "GET /static/js/main.20da7e3d.chunk.js HTTP/1.1" 304 - "http://localhost:3000/index.html" "Mozilla/5.0 (Windows NT 10.0; Win64; x64) AppleWebKit/537.36 (KHTML, like Gecko) Chrome/84.0.4147.89 Safari/537.36"
::1 - - [30/Jul/2020:08:54:16 +0000] "GET /static/js/2.2a09a433.chunk.js HTTP/1.1" 304 - "http://localhost:3000/index.html" "Mozilla/5.0 (Windows NT 10.0; Win64; x64) AppleWebKit/537.36 (KHTML, like Gecko) Chrome/84.0.4147.89 Safari/537.36"
::1 - - [30/Jul/2020:08:54:16 +0000] "GET /static/css/main.026e47e4.chunk.css.map HTTP/1.1" 304 - "-" "Mozilla/5.0 (Windows NT 10.0; Win64; x64) AppleWebKit/537.36 (KHTML, like Gecko) Chrome/84.0.4147.89 Safari/537.36"
::1 - - [30/Jul/2020:08:54:16 +0000] "GET /static/js/2.2a09a433.chunk.js.map HTTP/1.1" 304 - "-" "Mozilla/5.0 (Windows NT 10.0; Win64; x64) AppleWebKit/537.36 (KHTML, like Gecko) Chrome/84.0.4147.89 Safari/537.36"
::1 - - [30/Jul/2020:08:54:16 +0000] "GET /static/js/main.20da7e3d.chunk.js.map HTTP/1.1" 304 - "-" "Mozilla/5.0 (Windows NT 10.0; Win64; x64) AppleWebKit/537.36 (KHTML, like Gecko) Chrome/84.0.4147.89 Safari/537.36"
::1 - - [30/Jul/2020:09:00:07 +0000] "GET / HTTP/1.1" 304 - "-" "Mozilla/5.0 (Windows NT 10.0; Win64; x64) AppleWebKit/537.36 (KHTML, like Gecko) Chrome/84.0.4147.89 Safari/537.36"
::1 - - [30/Jul/2020:09:00:07 +0000] "GET / HTTP/1.1" 304 - "http://localhost:3000/" "Mozilla/5.0 (Windows NT 10.0; Win64; x64) AppleWebKit/537.36 (KHTML, like Gecko) Chrome/84.0.4147.89 Safari/537.36"
::1 - - [30/Jul/2020:09:03:09 +0000] "GET /xxx HTTP/1.1" 404 1133 "-" "Mozilla/5.0 (Windows NT 10.0; Win64; x64) AppleWebKit/537.36 (KHTML, like Gecko) Chrome/84.0.4147.89 Safari/537.36"
::1 - - [30/Jul/2020:09:18:55 +0000] "GET /index.html HTTP/1.1" 304 - "-" "Mozilla/5.0 (Windows NT 10.0; Win64; x64) AppleWebKit/537.36 (KHTML, like Gecko) Chrome/84.0.4147.89 Safari/537.36"
::1 - - [30/Jul/2020:09:18:55 +0000] "GET /Iconfont/iconfont.css HTTP/1.1" 304 - "http://localhost:3000/index.html" "Mozilla/5.0 (Windows NT 10.0; Win64; x64) AppleWebKit/537.36 (KHTML, like Gecko) Chrome/84.0.4147.89 Safari/537.36"
::1 - - [30/Jul/2020:09:18:55 +0000] "GET /static/css/main.026e47e4.chunk.css HTTP/1.1" 304 - "http://localhost:3000/index.html" "Mozilla/5.0 (Windows NT 10.0; Win64; x64) AppleWebKit/537.36 (KHTML, like Gecko) Chrome/84.0.4147.89 Safari/537.36"
::1 - - [30/Jul/2020:09:18:55 +0000] "GET /static/js/2.2a09a433.chunk.js HTTP/1.1" 304 - "http://localhost:3000/index.html" "Mozilla/5.0 (Windows NT 10.0; Win64; x64) AppleWebKit/537.36 (KHTML, like Gecko) Chrome/84.0.4147.89 Safari/537.36"
::1 - - [30/Jul/2020:09:18:55 +0000] "GET /static/js/main.20da7e3d.chunk.js HTTP/1.1" 304 - "http://localhost:3000/index.html" "Mozilla/5.0 (Windows NT 10.0; Win64; x64) AppleWebKit/537.36 (KHTML, like Gecko) Chrome/84.0.4147.89 Safari/537.36"
::1 - - [30/Jul/2020:09:18:56 +0000] "GET /static/css/main.026e47e4.chunk.css.map HTTP/1.1" 304 - "-" "Mozilla/5.0 (Windows NT 10.0; Win64; x64) AppleWebKit/537.36 (KHTML, like Gecko) Chrome/84.0.4147.89 Safari/537.36"
::1 - - [30/Jul/2020:09:18:56 +0000] "GET /static/js/2.2a09a433.chunk.js.map HTTP/1.1" 304 - "-" "Mozilla/5.0 (Windows NT 10.0; Win64; x64) AppleWebKit/537.36 (KHTML, like Gecko) Chrome/84.0.4147.89 Safari/537.36"
::1 - - [30/Jul/2020:09:18:56 +0000] "GET /static/js/main.20da7e3d.chunk.js.map HTTP/1.1" 304 - "-" "Mozilla/5.0 (Windows NT 10.0; Win64; x64) AppleWebKit/537.36 (KHTML, like Gecko) Chrome/84.0.4147.89 Safari/537.36"
::1 - - [30/Jul/2020:09:18:59 +0000] "GET /index.html HTTP/1.1" 304 - "-" "Mozilla/5.0 (Windows NT 10.0; Win64; x64) AppleWebKit/537.36 (KHTML, like Gecko) Chrome/84.0.4147.89 Safari/537.36"
::1 - - [30/Jul/2020:09:18:59 +0000] "GET /Iconfont/iconfont.css HTTP/1.1" 304 - "http://localhost:3000/index.html" "Mozilla/5.0 (Windows NT 10.0; Win64; x64) AppleWebKit/537.36 (KHTML, like Gecko) Chrome/84.0.4147.89 Safari/537.36"
::1 - - [30/Jul/2020:09:18:59 +0000] "GET /static/css/main.026e47e4.chunk.css HTTP/1.1" 304 - "http://localhost:3000/index.html" "Mozilla/5.0 (Windows NT 10.0; Win64; x64) AppleWebKit/537.36 (KHTML, like Gecko) Chrome/84.0.4147.89 Safari/537.36"
::1 - - [30/Jul/2020:09:18:59 +0000] "GET /static/js/2.2a09a433.chunk.js HTTP/1.1" 304 - "http://localhost:3000/index.html" "Mozilla/5.0 (Windows NT 10.0; Win64; x64) AppleWebKit/537.36 (KHTML, like Gecko) Chrome/84.0.4147.89 Safari/537.36"
::1 - - [30/Jul/2020:09:18:59 +0000] "GET /static/js/main.20da7e3d.chunk.js HTTP/1.1" 304 - "http://localhost:3000/index.html" "Mozilla/5.0 (Windows NT 10.0; Win64; x64) AppleWebKit/537.36 (KHTML, like Gecko) Chrome/84.0.4147.89 Safari/537.36"
::1 - - [30/Jul/2020:09:18:59 +0000] "GET /static/js/2.2a09a433.chunk.js.map HTTP/1.1" 304 - "-" "Mozilla/5.0 (Windows NT 10.0; Win64; x64) AppleWebKit/537.36 (KHTML, like Gecko) Chrome/84.0.4147.89 Safari/537.36"
::1 - - [30/Jul/2020:09:18:59 +0000] "GET /static/js/main.20da7e3d.chunk.js.map HTTP/1.1" 304 - "-" "Mozilla/5.0 (Windows NT 10.0; Win64; x64) AppleWebKit/537.36 (KHTML, like Gecko) Chrome/84.0.4147.89 Safari/537.36"
::1 - - [30/Jul/2020:09:18:59 +0000] "GET /static/css/main.026e47e4.chunk.css.map HTTP/1.1" 304 - "-" "Mozilla/5.0 (Windows NT 10.0; Win64; x64) AppleWebKit/537.36 (KHTML, like Gecko) Chrome/84.0.4147.89 Safari/537.36"
::1 - - [30/Jul/2020:09:22:36 +0000] "GET /index.html HTTP/1.1" 304 - "http://localhost:3000/index.html" "Mozilla/5.0 (Windows NT 10.0; Win64; x64) AppleWebKit/537.36 (KHTML, like Gecko) Chrome/84.0.4147.89 Safari/537.36"
::1 - - [30/Jul/2020:09:22:36 +0000] "GET /Iconfont/iconfont.css HTTP/1.1" 304 - "http://localhost:3000/index.html" "Mozilla/5.0 (Windows NT 10.0; Win64; x64) AppleWebKit/537.36 (KHTML, like Gecko) Chrome/84.0.4147.89 Safari/537.36"
::1 - - [30/Jul/2020:09:22:36 +0000] "GET /static/css/main.026e47e4.chunk.css HTTP/1.1" 304 - "http://localhost:3000/index.html" "Mozilla/5.0 (Windows NT 10.0; Win64; x64) AppleWebKit/537.36 (KHTML, like Gecko) Chrome/84.0.4147.89 Safari/537.36"
::1 - - [30/Jul/2020:09:22:36 +0000] "GET /static/js/2.2a09a433.chunk.js HTTP/1.1" 304 - "http://localhost:3000/index.html" "Mozilla/5.0 (Windows NT 10.0; Win64; x64) AppleWebKit/537.36 (KHTML, like Gecko) Chrome/84.0.4147.89 Safari/537.36"
::1 - - [30/Jul/2020:09:22:36 +0000] "GET /static/js/main.20da7e3d.chunk.js HTTP/1.1" 304 - "http://localhost:3000/index.html" "Mozilla/5.0 (Windows NT 10.0; Win64; x64) AppleWebKit/537.36 (KHTML, like Gecko) Chrome/84.0.4147.89 Safari/537.36"
::1 - - [30/Jul/2020:09:22:39 +0000] "GET / HTTP/1.1" 304 - "-" "Mozilla/5.0 (Windows NT 10.0; Win64; x64) AppleWebKit/537.36 (KHTML, like Gecko) Chrome/84.0.4147.89 Safari/537.36"
::1 - - [30/Jul/2020:09:22:39 +0000] "GET / HTTP/1.1" 304 - "http://localhost:3000/" "Mozilla/5.0 (Windows NT 10.0; Win64; x64) AppleWebKit/537.36 (KHTML, like Gecko) Chrome/84.0.4147.89 Safari/537.36"
::1 - - [30/Jul/2020:09:22:43 +0000] "GET / HTTP/1.1" 304 - "-" "Mozilla/5.0 (Windows NT 10.0; Win64; x64) AppleWebKit/537.36 (KHTML, like Gecko) Chrome/84.0.4147.89 Safari/537.36"
::1 - - [30/Jul/2020:09:23:05 +0000] "GET / HTTP/1.1" 304 - "-" "Mozilla/5.0 (Windows NT 10.0; Win64; x64) AppleWebKit/537.36 (KHTML, like Gecko) Chrome/84.0.4147.89 Safari/537.36"
::1 - - [30/Jul/2020:09:23:36 +0000] "GET /index.html HTTP/1.1" 304 - "-" "Mozilla/5.0 (Windows NT 10.0; Win64; x64) AppleWebKit/537.36 (KHTML, like Gecko) Chrome/84.0.4147.89 Safari/537.36"
::1 - - [30/Jul/2020:09:23:36 +0000] "GET /Iconfont/iconfont.css HTTP/1.1" 304 - "http://localhost:3000/index.html" "Mozilla/5.0 (Windows NT 10.0; Win64; x64) AppleWebKit/537.36 (KHTML, like Gecko) Chrome/84.0.4147.89 Safari/537.36"
::1 - - [30/Jul/2020:09:23:36 +0000] "GET /static/css/main.026e47e4.chunk.css HTTP/1.1" 304 - "http://localhost:3000/index.html" "Mozilla/5.0 (Windows NT 10.0; Win64; x64) AppleWebKit/537.36 (KHTML, like Gecko) Chrome/84.0.4147.89 Safari/537.36"
::1 - - [30/Jul/2020:09:23:36 +0000] "GET /static/js/2.2a09a433.chunk.js HTTP/1.1" 304 - "http://localhost:3000/index.html" "Mozilla/5.0 (Windows NT 10.0; Win64; x64) AppleWebKit/537.36 (KHTML, like Gecko) Chrome/84.0.4147.89 Safari/537.36"
::1 - - [30/Jul/2020:09:23:36 +0000] "GET /static/js/main.20da7e3d.chunk.js HTTP/1.1" 304 - "http://localhost:3000/index.html" "Mozilla/5.0 (Windows NT 10.0; Win64; x64) AppleWebKit/537.36 (KHTML, like Gecko) Chrome/84.0.4147.89 Safari/537.36"
::1 - - [30/Jul/2020:09:54:42 +0000] "GET /public HTTP/1.1" 404 1133 "-" "Mozilla/5.0 (Windows NT 10.0; Win64; x64) AppleWebKit/537.36 (KHTML, like Gecko) Chrome/84.0.4147.89 Safari/537.36"
::1 - - [30/Jul/2020:09:54:46 +0000] "GET /public/ HTTP/1.1" 404 1133 "-" "Mozilla/5.0 (Windows NT 10.0; Win64; x64) AppleWebKit/537.36 (KHTML, like Gecko) Chrome/84.0.4147.89 Safari/537.36"
::1 - - [30/Jul/2020:10:00:27 +0000] "GET /index.html HTTP/1.1" 304 - "-" "Mozilla/5.0 (Windows NT 10.0; Win64; x64) AppleWebKit/537.36 (KHTML, like Gecko) Chrome/84.0.4147.89 Safari/537.36"
::1 - - [30/Jul/2020:10:00:27 +0000] "GET /Iconfont/iconfont.css HTTP/1.1" 304 - "http://localhost:3000/index.html" "Mozilla/5.0 (Windows NT 10.0; Win64; x64) AppleWebKit/537.36 (KHTML, like Gecko) Chrome/84.0.4147.89 Safari/537.36"
::1 - - [30/Jul/2020:10:00:27 +0000] "GET /static/css/main.026e47e4.chunk.css HTTP/1.1" 304 - "http://localhost:3000/index.html" "Mozilla/5.0 (Windows NT 10.0; Win64; x64) AppleWebKit/537.36 (KHTML, like Gecko) Chrome/84.0.4147.89 Safari/537.36"
::1 - - [30/Jul/2020:10:00:27 +0000] "GET /static/js/2.2a09a433.chunk.js HTTP/1.1" 304 - "http://localhost:3000/index.html" "Mozilla/5.0 (Windows NT 10.0; Win64; x64) AppleWebKit/537.36 (KHTML, like Gecko) Chrome/84.0.4147.89 Safari/537.36"
::1 - - [30/Jul/2020:10:00:27 +0000] "GET /static/js/main.20da7e3d.chunk.js HTTP/1.1" 304 - "http://localhost:3000/index.html" "Mozilla/5.0 (Windows NT 10.0; Win64; x64) AppleWebKit/537.36 (KHTML, like Gecko) Chrome/84.0.4147.89 Safari/537.36"
::1 - - [30/Jul/2020:10:03:52 +0000] "GET /index.html HTTP/1.1" 304 - "http://localhost:3000/index.html" "Mozilla/5.0 (Windows NT 10.0; Win64; x64) AppleWebKit/537.36 (KHTML, like Gecko) Chrome/84.0.4147.89 Safari/537.36"
::1 - - [30/Jul/2020:10:03:52 +0000] "GET /Iconfont/iconfont.css HTTP/1.1" 304 - "http://localhost:3000/index.html" "Mozilla/5.0 (Windows NT 10.0; Win64; x64) AppleWebKit/537.36 (KHTML, like Gecko) Chrome/84.0.4147.89 Safari/537.36"
::1 - - [30/Jul/2020:10:03:52 +0000] "GET /static/css/main.026e47e4.chunk.css HTTP/1.1" 304 - "http://localhost:3000/index.html" "Mozilla/5.0 (Windows NT 10.0; Win64; x64) AppleWebKit/537.36 (KHTML, like Gecko) Chrome/84.0.4147.89 Safari/537.36"
::1 - - [30/Jul/2020:10:03:52 +0000] "GET /static/js/2.2a09a433.chunk.js HTTP/1.1" 304 - "http://localhost:3000/index.html" "Mozilla/5.0 (Windows NT 10.0; Win64; x64) AppleWebKit/537.36 (KHTML, like Gecko) Chrome/84.0.4147.89 Safari/537.36"
::1 - - [30/Jul/2020:10:03:52 +0000] "GET /static/js/main.20da7e3d.chunk.js HTTP/1.1" 304 - "http://localhost:3000/index.html" "Mozilla/5.0 (Windows NT 10.0; Win64; x64) AppleWebKit/537.36 (KHTML, like Gecko) Chrome/84.0.4147.89 Safari/537.36"
::1 - - [30/Jul/2020:10:03:58 +0000] "GET /index.html HTTP/1.1" 304 - "-" "Mozilla/5.0 (Windows NT 10.0; Win64; x64) AppleWebKit/537.36 (KHTML, like Gecko) Chrome/84.0.4147.89 Safari/537.36"
::1 - - [30/Jul/2020:10:03:58 +0000] "GET /Iconfont/iconfont.css HTTP/1.1" 304 - "http://localhost:3000/index.html" "Mozilla/5.0 (Windows NT 10.0; Win64; x64) AppleWebKit/537.36 (KHTML, like Gecko) Chrome/84.0.4147.89 Safari/537.36"
::1 - - [30/Jul/2020:10:03:58 +0000] "GET /static/css/main.026e47e4.chunk.css HTTP/1.1" 304 - "http://localhost:3000/index.html" "Mozilla/5.0 (Windows NT 10.0; Win64; x64) AppleWebKit/537.36 (KHTML, like Gecko) Chrome/84.0.4147.89 Safari/537.36"
::1 - - [30/Jul/2020:10:03:58 +0000] "GET /static/js/2.2a09a433.chunk.js HTTP/1.1" 304 - "http://localhost:3000/index.html" "Mozilla/5.0 (Windows NT 10.0; Win64; x64) AppleWebKit/537.36 (KHTML, like Gecko) Chrome/84.0.4147.89 Safari/537.36"
::1 - - [30/Jul/2020:10:03:58 +0000] "GET /static/js/main.20da7e3d.chunk.js HTTP/1.1" 304 - "http://localhost:3000/index.html" "Mozilla/5.0 (Windows NT 10.0; Win64; x64) AppleWebKit/537.36 (KHTML, like Gecko) Chrome/84.0.4147.89 Safari/537.36"
::1 - - [30/Jul/2020:10:03:58 +0000] "GET /Iconfont/iconfont.css HTTP/1.1" 304 - "http://localhost:3000/index.html" "Mozilla/5.0 (Windows NT 10.0; Win64; x64) AppleWebKit/537.36 (KHTML, like Gecko) Chrome/84.0.4147.89 Safari/537.36"
::1 - - [30/Jul/2020:10:03:58 +0000] "GET /static/css/main.026e47e4.chunk.css HTTP/1.1" 304 - "http://localhost:3000/index.html" "Mozilla/5.0 (Windows NT 10.0; Win64; x64) AppleWebKit/537.36 (KHTML, like Gecko) Chrome/84.0.4147.89 Safari/537.36"
::1 - - [30/Jul/2020:10:03:58 +0000] "GET /static/js/2.2a09a433.chunk.js HTTP/1.1" 304 - "http://localhost:3000/index.html" "Mozilla/5.0 (Windows NT 10.0; Win64; x64) AppleWebKit/537.36 (KHTML, like Gecko) Chrome/84.0.4147.89 Safari/537.36"
::1 - - [30/Jul/2020:10:03:58 +0000] "GET /static/js/main.20da7e3d.chunk.js HTTP/1.1" 304 - "http://localhost:3000/index.html" "Mozilla/5.0 (Windows NT 10.0; Win64; x64) AppleWebKit/537.36 (KHTML, like Gecko) Chrome/84.0.4147.89 Safari/537.36"
::1 - - [30/Jul/2020:10:04:26 +0000] "GET /index.html HTTP/1.1" 304 - "http://localhost:3000/index.html" "Mozilla/5.0 (Windows NT 10.0; Win64; x64) AppleWebKit/537.36 (KHTML, like Gecko) Chrome/84.0.4147.89 Safari/537.36"
::1 - - [30/Jul/2020:10:04:26 +0000] "GET /Iconfont/iconfont.css HTTP/1.1" 304 - "http://localhost:3000/index.html" "Mozilla/5.0 (Windows NT 10.0; Win64; x64) AppleWebKit/537.36 (KHTML, like Gecko) Chrome/84.0.4147.89 Safari/537.36"
::1 - - [30/Jul/2020:10:04:26 +0000] "GET /static/css/main.026e47e4.chunk.css HTTP/1.1" 304 - "http://localhost:3000/index.html" "Mozilla/5.0 (Windows NT 10.0; Win64; x64) AppleWebKit/537.36 (KHTML, like Gecko) Chrome/84.0.4147.89 Safari/537.36"
::1 - - [30/Jul/2020:10:04:26 +0000] "GET /static/js/2.2a09a433.chunk.js HTTP/1.1" 304 - "http://localhost:3000/index.html" "Mozilla/5.0 (Windows NT 10.0; Win64; x64) AppleWebKit/537.36 (KHTML, like Gecko) Chrome/84.0.4147.89 Safari/537.36"
::1 - - [30/Jul/2020:10:04:26 +0000] "GET /static/js/main.20da7e3d.chunk.js HTTP/1.1" 304 - "http://localhost:3000/index.html" "Mozilla/5.0 (Windows NT 10.0; Win64; x64) AppleWebKit/537.36 (KHTML, like Gecko) Chrome/84.0.4147.89 Safari/537.36"
::1 - - [30/Jul/2020:10:04:30 +0000] "GET / HTTP/1.1" 304 - "-" "Mozilla/5.0 (Windows NT 10.0; Win64; x64) AppleWebKit/537.36 (KHTML, like Gecko) Chrome/84.0.4147.89 Safari/537.36"
::1 - - [30/Jul/2020:10:04:30 +0000] "GET / HTTP/1.1" 304 - "http://localhost:3000/" "Mozilla/5.0 (Windows NT 10.0; Win64; x64) AppleWebKit/537.36 (KHTML, like Gecko) Chrome/84.0.4147.89 Safari/537.36"
::1 - - [30/Jul/2020:10:04:37 +0000] "GET /index.html HTTP/1.1" 304 - "-" "Mozilla/5.0 (Windows NT 10.0; Win64; x64) AppleWebKit/537.36 (KHTML, like Gecko) Chrome/84.0.4147.89 Safari/537.36"
::1 - - [30/Jul/2020:10:04:37 +0000] "GET /Iconfont/iconfont.css HTTP/1.1" 304 - "http://localhost:3000/index.html" "Mozilla/5.0 (Windows NT 10.0; Win64; x64) AppleWebKit/537.36 (KHTML, like Gecko) Chrome/84.0.4147.89 Safari/537.36"
::1 - - [30/Jul/2020:10:04:37 +0000] "GET /static/css/main.026e47e4.chunk.css HTTP/1.1" 304 - "http://localhost:3000/index.html" "Mozilla/5.0 (Windows NT 10.0; Win64; x64) AppleWebKit/537.36 (KHTML, like Gecko) Chrome/84.0.4147.89 Safari/537.36"
::1 - - [30/Jul/2020:10:04:37 +0000] "GET /static/js/2.2a09a433.chunk.js HTTP/1.1" 304 - "http://localhost:3000/index.html" "Mozilla/5.0 (Windows NT 10.0; Win64; x64) AppleWebKit/537.36 (KHTML, like Gecko) Chrome/84.0.4147.89 Safari/537.36"
::1 - - [30/Jul/2020:10:04:37 +0000] "GET /static/js/main.20da7e3d.chunk.js HTTP/1.1" 304 - "http://localhost:3000/index.html" "Mozilla/5.0 (Windows NT 10.0; Win64; x64) AppleWebKit/537.36 (KHTML, like Gecko) Chrome/84.0.4147.89 Safari/537.36"
::1 - - [30/Jul/2020:10:06:49 +0000] "GET / HTTP/1.1" 304 - "-" "Mozilla/5.0 (Windows NT 10.0; Win64; x64) AppleWebKit/537.36 (KHTML, like Gecko) Chrome/84.0.4147.89 Safari/537.36"
::1 - - [30/Jul/2020:10:06:50 +0000] "GET / HTTP/1.1" 304 - "http://localhost:3000/" "Mozilla/5.0 (Windows NT 10.0; Win64; x64) AppleWebKit/537.36 (KHTML, like Gecko) Chrome/84.0.4147.89 Safari/537.36"
::1 - - [30/Jul/2020:10:06:54 +0000] "GET / HTTP/1.1" 304 - "-" "Mozilla/5.0 (Windows NT 10.0; Win64; x64) AppleWebKit/537.36 (KHTML, like Gecko) Chrome/84.0.4147.89 Safari/537.36"
::1 - - [30/Jul/2020:10:06:59 +0000] "GET /index.html HTTP/1.1" 304 - "-" "Mozilla/5.0 (Windows NT 10.0; Win64; x64) AppleWebKit/537.36 (KHTML, like Gecko) Chrome/84.0.4147.89 Safari/537.36"
::1 - - [30/Jul/2020:10:06:59 +0000] "GET /Iconfont/iconfont.css HTTP/1.1" 304 - "http://localhost:3000/index.html" "Mozilla/5.0 (Windows NT 10.0; Win64; x64) AppleWebKit/537.36 (KHTML, like Gecko) Chrome/84.0.4147.89 Safari/537.36"
::1 - - [30/Jul/2020:10:06:59 +0000] "GET /static/css/main.026e47e4.chunk.css HTTP/1.1" 304 - "http://localhost:3000/index.html" "Mozilla/5.0 (Windows NT 10.0; Win64; x64) AppleWebKit/537.36 (KHTML, like Gecko) Chrome/84.0.4147.89 Safari/537.36"
::1 - - [30/Jul/2020:10:06:59 +0000] "GET /static/js/2.2a09a433.chunk.js HTTP/1.1" 304 - "http://localhost:3000/index.html" "Mozilla/5.0 (Windows NT 10.0; Win64; x64) AppleWebKit/537.36 (KHTML, like Gecko) Chrome/84.0.4147.89 Safari/537.36"
::1 - - [30/Jul/2020:10:06:59 +0000] "GET /static/js/main.20da7e3d.chunk.js HTTP/1.1" 304 - "http://localhost:3000/index.html" "Mozilla/5.0 (Windows NT 10.0; Win64; x64) AppleWebKit/537.36 (KHTML, like Gecko) Chrome/84.0.4147.89 Safari/537.36"
::1 - - [30/Jul/2020:10:08:59 +0000] "GET /static/ HTTP/1.1" 404 1133 "-" "Mozilla/5.0 (Windows NT 10.0; Win64; x64) AppleWebKit/537.36 (KHTML, like Gecko) Chrome/84.0.4147.89 Safari/537.36"
::1 - - [30/Jul/2020:10:10:23 +0000] "GET /index.html HTTP/1.1" 304 - "-" "Mozilla/5.0 (Windows NT 10.0; Win64; x64) AppleWebKit/537.36 (KHTML, like Gecko) Chrome/84.0.4147.89 Safari/537.36"
::1 - - [30/Jul/2020:10:10:23 +0000] "GET /Iconfont/iconfont.css HTTP/1.1" 304 - "http://localhost:3000/index.html" "Mozilla/5.0 (Windows NT 10.0; Win64; x64) AppleWebKit/537.36 (KHTML, like Gecko) Chrome/84.0.4147.89 Safari/537.36"
::1 - - [30/Jul/2020:10:10:23 +0000] "GET /static/css/main.026e47e4.chunk.css HTTP/1.1" 304 - "http://localhost:3000/index.html" "Mozilla/5.0 (Windows NT 10.0; Win64; x64) AppleWebKit/537.36 (KHTML, like Gecko) Chrome/84.0.4147.89 Safari/537.36"
::1 - - [30/Jul/2020:10:10:23 +0000] "GET /static/js/2.2a09a433.chunk.js HTTP/1.1" 304 - "http://localhost:3000/index.html" "Mozilla/5.0 (Windows NT 10.0; Win64; x64) AppleWebKit/537.36 (KHTML, like Gecko) Chrome/84.0.4147.89 Safari/537.36"
::1 - - [30/Jul/2020:10:10:23 +0000] "GET /static/js/main.20da7e3d.chunk.js HTTP/1.1" 304 - "http://localhost:3000/index.html" "Mozilla/5.0 (Windows NT 10.0; Win64; x64) AppleWebKit/537.36 (KHTML, like Gecko) Chrome/84.0.4147.89 Safari/537.36"
::1 - - [30/Jul/2020:10:10:28 +0000] "GET /index.html/ HTTP/1.1" 404 1133 "-" "Mozilla/5.0 (Windows NT 10.0; Win64; x64) AppleWebKit/537.36 (KHTML, like Gecko) Chrome/84.0.4147.89 Safari/537.36"
::1 - - [31/Jul/2020:09:14:36 +0000] "GET /sockjs-node HTTP/1.1" 200 2115 "-" "Mozilla/5.0 (Windows NT 10.0; Win64; x64) AppleWebKit/537.36 (KHTML, like Gecko) Chrome/84.0.4147.105 Safari/537.36"
::1 - - [31/Jul/2020:09:14:45 +0000] "GET /index.html HTTP/1.1" 200 2115 "-" "Mozilla/5.0 (Windows NT 10.0; Win64; x64) AppleWebKit/537.36 (KHTML, like Gecko) Chrome/84.0.4147.105 Safari/537.36"
::1 - - [31/Jul/2020:09:14:45 +0000] "GET /Iconfont/iconfont.css HTTP/1.1" 200 2115 "http://localhost:3000/index.html" "Mozilla/5.0 (Windows NT 10.0; Win64; x64) AppleWebKit/537.36 (KHTML, like Gecko) Chrome/84.0.4147.105 Safari/537.36"
::1 - - [31/Jul/2020:09:14:45 +0000] "GET /static/css/main.026e47e4.chunk.css HTTP/1.1" 304 - "http://localhost:3000/index.html" "Mozilla/5.0 (Windows NT 10.0; Win64; x64) AppleWebKit/537.36 (KHTML, like Gecko) Chrome/84.0.4147.105 Safari/537.36"
::1 - - [31/Jul/2020:09:14:45 +0000] "GET /static/js/2.2a09a433.chunk.js HTTP/1.1" 304 - "http://localhost:3000/index.html" "Mozilla/5.0 (Windows NT 10.0; Win64; x64) AppleWebKit/537.36 (KHTML, like Gecko) Chrome/84.0.4147.105 Safari/537.36"
::1 - - [31/Jul/2020:09:14:45 +0000] "GET /static/js/main.20da7e3d.chunk.js HTTP/1.1" 304 - "http://localhost:3000/index.html" "Mozilla/5.0 (Windows NT 10.0; Win64; x64) AppleWebKit/537.36 (KHTML, like Gecko) Chrome/84.0.4147.105 Safari/537.36"
::1 - - [31/Jul/2020:09:14:51 +0000] "GET / HTTP/1.1" 200 2115 "-" "Mozilla/5.0 (Windows NT 10.0; Win64; x64) AppleWebKit/537.36 (KHTML, like Gecko) Chrome/84.0.4147.105 Safari/537.36"
::1 - - [31/Jul/2020:09:14:51 +0000] "GET /Iconfont/iconfont.css HTTP/1.1" 304 - "http://localhost:3000/" "Mozilla/5.0 (Windows NT 10.0; Win64; x64) AppleWebKit/537.36 (KHTML, like Gecko) Chrome/84.0.4147.105 Safari/537.36"
::1 - - [31/Jul/2020:09:14:51 +0000] "GET /static/css/main.026e47e4.chunk.css HTTP/1.1" 304 - "http://localhost:3000/" "Mozilla/5.0 (Windows NT 10.0; Win64; x64) AppleWebKit/537.36 (KHTML, like Gecko) Chrome/84.0.4147.105 Safari/537.36"
::1 - - [31/Jul/2020:09:14:51 +0000] "GET /static/js/2.2a09a433.chunk.js HTTP/1.1" 304 - "http://localhost:3000/" "Mozilla/5.0 (Windows NT 10.0; Win64; x64) AppleWebKit/537.36 (KHTML, like Gecko) Chrome/84.0.4147.105 Safari/537.36"
::1 - - [31/Jul/2020:09:14:51 +0000] "GET /static/js/main.20da7e3d.chunk.js HTTP/1.1" 304 - "http://localhost:3000/" "Mozilla/5.0 (Windows NT 10.0; Win64; x64) AppleWebKit/537.36 (KHTML, like Gecko) Chrome/84.0.4147.105 Safari/537.36"
::1 - - [31/Jul/2020:09:14:51 +0000] "GET /Iconfont/iconfont.css HTTP/1.1" 304 - "http://localhost:3000/" "Mozilla/5.0 (Windows NT 10.0; Win64; x64) AppleWebKit/537.36 (KHTML, like Gecko) Chrome/84.0.4147.105 Safari/537.36"
::1 - - [31/Jul/2020:09:14:51 +0000] "GET /static/css/main.026e47e4.chunk.css HTTP/1.1" 304 - "http://localhost:3000/" "Mozilla/5.0 (Windows NT 10.0; Win64; x64) AppleWebKit/537.36 (KHTML, like Gecko) Chrome/84.0.4147.105 Safari/537.36"
::1 - - [31/Jul/2020:09:14:51 +0000] "GET /static/js/2.2a09a433.chunk.js HTTP/1.1" 304 - "http://localhost:3000/" "Mozilla/5.0 (Windows NT 10.0; Win64; x64) AppleWebKit/537.36 (KHTML, like Gecko) Chrome/84.0.4147.105 Safari/537.36"
::1 - - [31/Jul/2020:09:14:51 +0000] "GET /static/js/main.20da7e3d.chunk.js HTTP/1.1" 304 - "http://localhost:3000/" "Mozilla/5.0 (Windows NT 10.0; Win64; x64) AppleWebKit/537.36 (KHTML, like Gecko) Chrome/84.0.4147.105 Safari/537.36"
::1 - - [31/Jul/2020:09:14:57 +0000] "GET /xxx HTTP/1.1" 200 2115 "-" "Mozilla/5.0 (Windows NT 10.0; Win64; x64) AppleWebKit/537.36 (KHTML, like Gecko) Chrome/84.0.4147.105 Safari/537.36"
::1 - - [31/Jul/2020:09:14:57 +0000] "GET /Iconfont/iconfont.css HTTP/1.1" 304 - "http://localhost:3000/xxx" "Mozilla/5.0 (Windows NT 10.0; Win64; x64) AppleWebKit/537.36 (KHTML, like Gecko) Chrome/84.0.4147.105 Safari/537.36"
::1 - - [31/Jul/2020:09:14:57 +0000] "GET /static/css/main.026e47e4.chunk.css HTTP/1.1" 304 - "http://localhost:3000/xxx" "Mozilla/5.0 (Windows NT 10.0; Win64; x64) AppleWebKit/537.36 (KHTML, like Gecko) Chrome/84.0.4147.105 Safari/537.36"
::1 - - [31/Jul/2020:09:14:57 +0000] "GET /static/js/2.2a09a433.chunk.js HTTP/1.1" 304 - "http://localhost:3000/xxx" "Mozilla/5.0 (Windows NT 10.0; Win64; x64) AppleWebKit/537.36 (KHTML, like Gecko) Chrome/84.0.4147.105 Safari/537.36"
::1 - - [31/Jul/2020:09:14:57 +0000] "GET /static/js/main.20da7e3d.chunk.js HTTP/1.1" 304 - "http://localhost:3000/xxx" "Mozilla/5.0 (Windows NT 10.0; Win64; x64) AppleWebKit/537.36 (KHTML, like Gecko) Chrome/84.0.4147.105 Safari/537.36"
::1 - - [31/Jul/2020:09:15:19 +0000] "GET / HTTP/1.1" 200 2115 "-" "Mozilla/5.0 (Windows NT 10.0; Win64; x64) AppleWebKit/537.36 (KHTML, like Gecko) Chrome/84.0.4147.105 Safari/537.36"
::1 - - [31/Jul/2020:09:15:19 +0000] "GET /Iconfont/iconfont.css HTTP/1.1" 200 2115 "http://localhost:3001/" "Mozilla/5.0 (Windows NT 10.0; Win64; x64) AppleWebKit/537.36 (KHTML, like Gecko) Chrome/84.0.4147.105 Safari/537.36"
::1 - - [31/Jul/2020:09:15:19 +0000] "GET /static/css/main.026e47e4.chunk.css HTTP/1.1" 200 8327 "http://localhost:3001/" "Mozilla/5.0 (Windows NT 10.0; Win64; x64) AppleWebKit/537.36 (KHTML, like Gecko) Chrome/84.0.4147.105 Safari/537.36"
::1 - - [31/Jul/2020:09:15:19 +0000] "GET /static/js/main.20da7e3d.chunk.js HTTP/1.1" 200 4796 "http://localhost:3001/" "Mozilla/5.0 (Windows NT 10.0; Win64; x64) AppleWebKit/537.36 (KHTML, like Gecko) Chrome/84.0.4147.105 Safari/537.36"
::1 - - [31/Jul/2020:09:15:19 +0000] "GET /static/js/2.2a09a433.chunk.js HTTP/1.1" 200 162292 "http://localhost:3001/" "Mozilla/5.0 (Windows NT 10.0; Win64; x64) AppleWebKit/537.36 (KHTML, like Gecko) Chrome/84.0.4147.105 Safari/537.36"
::1 - - [31/Jul/2020:09:15:58 +0000] "GET / HTTP/1.1" 304 - "-" "Mozilla/5.0 (Windows NT 10.0; Win64; x64) AppleWebKit/537.36 (KHTML, like Gecko) Chrome/84.0.4147.105 Safari/537.36"
::1 - - [31/Jul/2020:09:15:58 +0000] "GET /Iconfont/iconfont.css HTTP/1.1" 304 - "http://localhost:3001/" "Mozilla/5.0 (Windows NT 10.0; Win64; x64) AppleWebKit/537.36 (KHTML, like Gecko) Chrome/84.0.4147.105 Safari/537.36"
::1 - - [31/Jul/2020:09:15:58 +0000] "GET /static/css/main.026e47e4.chunk.css HTTP/1.1" 304 - "http://localhost:3001/" "Mozilla/5.0 (Windows NT 10.0; Win64; x64) AppleWebKit/537.36 (KHTML, like Gecko) Chrome/84.0.4147.105 Safari/537.36"
::1 - - [31/Jul/2020:09:15:58 +0000] "GET /static/js/2.2a09a433.chunk.js HTTP/1.1" 304 - "http://localhost:3001/" "Mozilla/5.0 (Windows NT 10.0; Win64; x64) AppleWebKit/537.36 (KHTML, like Gecko) Chrome/84.0.4147.105 Safari/537.36"
::1 - - [31/Jul/2020:09:15:58 +0000] "GET /static/js/main.20da7e3d.chunk.js HTTP/1.1" 304 - "http://localhost:3001/" "Mozilla/5.0 (Windows NT 10.0; Win64; x64) AppleWebKit/537.36 (KHTML, like Gecko) Chrome/84.0.4147.105 Safari/537.36"
::1 - - [31/Jul/2020:09:16:13 +0000] "GET / HTTP/1.1" 304 - "-" "Mozilla/5.0 (Windows NT 10.0; Win64; x64) AppleWebKit/537.36 (KHTML, like Gecko) Chrome/84.0.4147.105 Safari/537.36"
::1 - - [31/Jul/2020:09:16:13 +0000] "GET /Iconfont/iconfont.css HTTP/1.1" 304 - "http://localhost:3001/" "Mozilla/5.0 (Windows NT 10.0; Win64; x64) AppleWebKit/537.36 (KHTML, like Gecko) Chrome/84.0.4147.105 Safari/537.36"
::1 - - [31/Jul/2020:09:16:13 +0000] "GET /static/css/main.026e47e4.chunk.css HTTP/1.1" 304 - "http://localhost:3001/" "Mozilla/5.0 (Windows NT 10.0; Win64; x64) AppleWebKit/537.36 (KHTML, like Gecko) Chrome/84.0.4147.105 Safari/537.36"
::1 - - [31/Jul/2020:09:16:13 +0000] "GET /static/js/2.2a09a433.chunk.js HTTP/1.1" 304 - "http://localhost:3001/" "Mozilla/5.0 (Windows NT 10.0; Win64; x64) AppleWebKit/537.36 (KHTML, like Gecko) Chrome/84.0.4147.105 Safari/537.36"
::1 - - [31/Jul/2020:09:16:13 +0000] "GET /static/js/main.20da7e3d.chunk.js HTTP/1.1" 304 - "http://localhost:3001/" "Mozilla/5.0 (Windows NT 10.0; Win64; x64) AppleWebKit/537.36 (KHTML, like Gecko) Chrome/84.0.4147.105 Safari/537.36"
::1 - - [31/Jul/2020:09:16:21 +0000] "GET /index.html HTTP/1.1" 200 2115 "-" "Mozilla/5.0 (Windows NT 10.0; Win64; x64) AppleWebKit/537.36 (KHTML, like Gecko) Chrome/84.0.4147.105 Safari/537.36"
::1 - - [31/Jul/2020:09:16:22 +0000] "GET /Iconfont/iconfont.css HTTP/1.1" 304 - "http://localhost:3001/index.html" "Mozilla/5.0 (Windows NT 10.0; Win64; x64) AppleWebKit/537.36 (KHTML, like Gecko) Chrome/84.0.4147.105 Safari/537.36"
::1 - - [31/Jul/2020:09:16:22 +0000] "GET /static/css/main.026e47e4.chunk.css HTTP/1.1" 304 - "http://localhost:3001/index.html" "Mozilla/5.0 (Windows NT 10.0; Win64; x64) AppleWebKit/537.36 (KHTML, like Gecko) Chrome/84.0.4147.105 Safari/537.36"
::1 - - [31/Jul/2020:09:16:22 +0000] "GET /static/js/2.2a09a433.chunk.js HTTP/1.1" 304 - "http://localhost:3001/index.html" "Mozilla/5.0 (Windows NT 10.0; Win64; x64) AppleWebKit/537.36 (KHTML, like Gecko) Chrome/84.0.4147.105 Safari/537.36"
::1 - - [31/Jul/2020:09:16:22 +0000] "GET /static/js/main.20da7e3d.chunk.js HTTP/1.1" 304 - "http://localhost:3001/index.html" "Mozilla/5.0 (Windows NT 10.0; Win64; x64) AppleWebKit/537.36 (KHTML, like Gecko) Chrome/84.0.4147.105 Safari/537.36"
::1 - - [31/Jul/2020:09:16:26 +0000] "GET / HTTP/1.1" 304 - "-" "Mozilla/5.0 (Windows NT 10.0; Win64; x64) AppleWebKit/537.36 (KHTML, like Gecko) Chrome/84.0.4147.105 Safari/537.36"
::1 - - [31/Jul/2020:09:16:26 +0000] "GET /Iconfont/iconfont.css HTTP/1.1" 304 - "http://localhost:3001/" "Mozilla/5.0 (Windows NT 10.0; Win64; x64) AppleWebKit/537.36 (KHTML, like Gecko) Chrome/84.0.4147.105 Safari/537.36"
::1 - - [31/Jul/2020:09:16:26 +0000] "GET /static/css/main.026e47e4.chunk.css HTTP/1.1" 304 - "http://localhost:3001/" "Mozilla/5.0 (Windows NT 10.0; Win64; x64) AppleWebKit/537.36 (KHTML, like Gecko) Chrome/84.0.4147.105 Safari/537.36"
::1 - - [31/Jul/2020:09:16:26 +0000] "GET /static/js/2.2a09a433.chunk.js HTTP/1.1" 304 - "http://localhost:3001/" "Mozilla/5.0 (Windows NT 10.0; Win64; x64) AppleWebKit/537.36 (KHTML, like Gecko) Chrome/84.0.4147.105 Safari/537.36"
::1 - - [31/Jul/2020:09:16:26 +0000] "GET /static/js/main.20da7e3d.chunk.js HTTP/1.1" 304 - "http://localhost:3001/" "Mozilla/5.0 (Windows NT 10.0; Win64; x64) AppleWebKit/537.36 (KHTML, like Gecko) Chrome/84.0.4147.105 Safari/537.36"
::ffff:127.0.0.1 - - [31/Jul/2020:09:16:39 +0000] "OPTIONS / HTTP/1.1" 200 2115 "http://localhost:3000/" "Mozilla/5.0 (Windows NT 10.0; Win64; x64) AppleWebKit/537.36 (KHTML, like Gecko) Chrome/84.0.4147.105 Safari/537.36"
::ffff:127.0.0.1 - - [31/Jul/2020:09:16:39 +0000] "GET / HTTP/1.1" 200 2115 "http://localhost:3000/" "Mozilla/5.0 (Windows NT 10.0; Win64; x64) AppleWebKit/537.36 (KHTML, like Gecko) Chrome/84.0.4147.105 Safari/537.36"
::ffff:127.0.0.1 - - [31/Jul/2020:09:18:14 +0000] "OPTIONS /users HTTP/1.1" 200 2115 "http://localhost:3000/" "Mozilla/5.0 (Windows NT 10.0; Win64; x64) AppleWebKit/537.36 (KHTML, like Gecko) Chrome/84.0.4147.105 Safari/537.36"
::ffff:127.0.0.1 - - [31/Jul/2020:09:18:14 +0000] "GET /users HTTP/1.1" 200 2115 "http://localhost:3000/" "Mozilla/5.0 (Windows NT 10.0; Win64; x64) AppleWebKit/537.36 (KHTML, like Gecko) Chrome/84.0.4147.105 Safari/537.36"
::ffff:127.0.0.1 - - [31/Jul/2020:09:18:47 +0000] "OPTIONS /users HTTP/1.1" 200 2115 "http://localhost:3000/" "Mozilla/5.0 (Windows NT 10.0; Win64; x64) AppleWebKit/537.36 (KHTML, like Gecko) Chrome/84.0.4147.105 Safari/537.36"
::ffff:127.0.0.1 - - [31/Jul/2020:09:18:47 +0000] "POST /users HTTP/1.1" 200 2115 "http://localhost:3000/" "Mozilla/5.0 (Windows NT 10.0; Win64; x64) AppleWebKit/537.36 (KHTML, like Gecko) Chrome/84.0.4147.105 Safari/537.36"
::ffff:127.0.0.1 - - [31/Jul/2020:09:18:51 +0000] "POST /users HTTP/1.1" 200 2115 "http://localhost:3000/" "Mozilla/5.0 (Windows NT 10.0; Win64; x64) AppleWebKit/537.36 (KHTML, like Gecko) Chrome/84.0.4147.105 Safari/537.36"
::ffff:127.0.0.1 - - [31/Jul/2020:09:18:55 +0000] "OPTIONS /users HTTP/1.1" 200 2115 "http://localhost:3000/" "Mozilla/5.0 (Windows NT 10.0; Win64; x64) AppleWebKit/537.36 (KHTML, like Gecko) Chrome/84.0.4147.105 Safari/537.36"
::ffff:127.0.0.1 - - [31/Jul/2020:09:18:55 +0000] "POST /users HTTP/1.1" 200 2115 "http://localhost:3000/" "Mozilla/5.0 (Windows NT 10.0; Win64; x64) AppleWebKit/537.36 (KHTML, like Gecko) Chrome/84.0.4147.105 Safari/537.36"
::ffff:127.0.0.1 - - [31/Jul/2020:09:19:58 +0000] "OPTIONS /users/queryAll HTTP/1.1" 200 2115 "http://localhost:3000/" "Mozilla/5.0 (Windows NT 10.0; Win64; x64) AppleWebKit/537.36 (KHTML, like Gecko) Chrome/84.0.4147.105 Safari/537.36"
::ffff:127.0.0.1 - - [31/Jul/2020:09:19:58 +0000] "GET /users/queryAll HTTP/1.1" 200 2115 "http://localhost:3000/" "Mozilla/5.0 (Windows NT 10.0; Win64; x64) AppleWebKit/537.36 (KHTML, like Gecko) Chrome/84.0.4147.105 Safari/537.36"
::ffff:127.0.0.1 - - [31/Jul/2020:09:20:27 +0000] "GET /users/queryAll HTTP/1.1" 304 - "-" "Mozilla/5.0 (Windows NT 10.0; Win64; x64) AppleWebKit/537.36 (KHTML, like Gecko) Chrome/84.0.4147.105 Safari/537.36"
::ffff:127.0.0.1 - - [31/Jul/2020:09:20:27 +0000] "GET /users/Iconfont/iconfont.css HTTP/1.1" 200 2115 "http://127.0.0.1:3001/users/queryAll" "Mozilla/5.0 (Windows NT 10.0; Win64; x64) AppleWebKit/537.36 (KHTML, like Gecko) Chrome/84.0.4147.105 Safari/537.36"
::ffff:127.0.0.1 - - [31/Jul/2020:09:20:27 +0000] "GET /static/css/main.026e47e4.chunk.css HTTP/1.1" 200 8327 "http://127.0.0.1:3001/users/queryAll" "Mozilla/5.0 (Windows NT 10.0; Win64; x64) AppleWebKit/537.36 (KHTML, like Gecko) Chrome/84.0.4147.105 Safari/537.36"
::ffff:127.0.0.1 - - [31/Jul/2020:09:20:27 +0000] "GET /static/js/main.20da7e3d.chunk.js HTTP/1.1" 200 4796 "http://127.0.0.1:3001/users/queryAll" "Mozilla/5.0 (Windows NT 10.0; Win64; x64) AppleWebKit/537.36 (KHTML, like Gecko) Chrome/84.0.4147.105 Safari/537.36"
::ffff:127.0.0.1 - - [31/Jul/2020:09:20:27 +0000] "GET /static/js/2.2a09a433.chunk.js HTTP/1.1" 200 162292 "http://127.0.0.1:3001/users/queryAll" "Mozilla/5.0 (Windows NT 10.0; Win64; x64) AppleWebKit/537.36 (KHTML, like Gecko) Chrome/84.0.4147.105 Safari/537.36"
::ffff:127.0.0.1 - - [31/Jul/2020:09:20:27 +0000] "GET /favicon.ico HTTP/1.1" 200 2115 "http://127.0.0.1:3001/users/queryAll" "Mozilla/5.0 (Windows NT 10.0; Win64; x64) AppleWebKit/537.36 (KHTML, like Gecko) Chrome/84.0.4147.105 Safari/537.36"
::ffff:127.0.0.1 - - [31/Jul/2020:09:20:33 +0000] "GET /users/queryAll HTTP/1.1" 304 - "-" "Mozilla/5.0 (Windows NT 10.0; Win64; x64) AppleWebKit/537.36 (KHTML, like Gecko) Chrome/84.0.4147.105 Safari/537.36"
::ffff:127.0.0.1 - - [31/Jul/2020:09:20:33 +0000] "GET /users/Iconfont/iconfont.css HTTP/1.1" 304 - "http://127.0.0.1:3001/users/queryAll" "Mozilla/5.0 (Windows NT 10.0; Win64; x64) AppleWebKit/537.36 (KHTML, like Gecko) Chrome/84.0.4147.105 Safari/537.36"
::ffff:127.0.0.1 - - [31/Jul/2020:09:20:33 +0000] "GET /static/css/main.026e47e4.chunk.css HTTP/1.1" 304 - "http://127.0.0.1:3001/users/queryAll" "Mozilla/5.0 (Windows NT 10.0; Win64; x64) AppleWebKit/537.36 (KHTML, like Gecko) Chrome/84.0.4147.105 Safari/537.36"
::ffff:127.0.0.1 - - [31/Jul/2020:09:20:33 +0000] "GET /static/js/2.2a09a433.chunk.js HTTP/1.1" 304 - "http://127.0.0.1:3001/users/queryAll" "Mozilla/5.0 (Windows NT 10.0; Win64; x64) AppleWebKit/537.36 (KHTML, like Gecko) Chrome/84.0.4147.105 Safari/537.36"
::ffff:127.0.0.1 - - [31/Jul/2020:09:20:33 +0000] "GET /static/js/main.20da7e3d.chunk.js HTTP/1.1" 304 - "http://127.0.0.1:3001/users/queryAll" "Mozilla/5.0 (Windows NT 10.0; Win64; x64) AppleWebKit/537.36 (KHTML, like Gecko) Chrome/84.0.4147.105 Safari/537.36"
::ffff:127.0.0.1 - - [31/Jul/2020:09:20:33 +0000] "GET /favicon.ico HTTP/1.1" 304 - "http://127.0.0.1:3001/users/queryAll" "Mozilla/5.0 (Windows NT 10.0; Win64; x64) AppleWebKit/537.36 (KHTML, like Gecko) Chrome/84.0.4147.105 Safari/537.36"
::ffff:127.0.0.1 - - [31/Jul/2020:09:20:52 +0000] "GET /users/queryAll HTTP/1.1" 304 - "-" "Mozilla/5.0 (Windows NT 10.0; Win64; x64) AppleWebKit/537.36 (KHTML, like Gecko) Chrome/84.0.4147.105 Safari/537.36"
::ffff:127.0.0.1 - - [31/Jul/2020:09:20:52 +0000] "GET /users/Iconfont/iconfont.css HTTP/1.1" 304 - "http://127.0.0.1:3001/users/queryAll" "Mozilla/5.0 (Windows NT 10.0; Win64; x64) AppleWebKit/537.36 (KHTML, like Gecko) Chrome/84.0.4147.105 Safari/537.36"
::ffff:127.0.0.1 - - [31/Jul/2020:09:20:52 +0000] "GET /static/css/main.026e47e4.chunk.css HTTP/1.1" 304 - "http://127.0.0.1:3001/users/queryAll" "Mozilla/5.0 (Windows NT 10.0; Win64; x64) AppleWebKit/537.36 (KHTML, like Gecko) Chrome/84.0.4147.105 Safari/537.36"
::ffff:127.0.0.1 - - [31/Jul/2020:09:20:52 +0000] "GET /static/js/2.2a09a433.chunk.js HTTP/1.1" 304 - "http://127.0.0.1:3001/users/queryAll" "Mozilla/5.0 (Windows NT 10.0; Win64; x64) AppleWebKit/537.36 (KHTML, like Gecko) Chrome/84.0.4147.105 Safari/537.36"
::ffff:127.0.0.1 - - [31/Jul/2020:09:20:52 +0000] "GET /static/js/main.20da7e3d.chunk.js HTTP/1.1" 304 - "http://127.0.0.1:3001/users/queryAll" "Mozilla/5.0 (Windows NT 10.0; Win64; x64) AppleWebKit/537.36 (KHTML, like Gecko) Chrome/84.0.4147.105 Safari/537.36"
::ffff:127.0.0.1 - - [31/Jul/2020:09:20:52 +0000] "GET /favicon.ico HTTP/1.1" 304 - "http://127.0.0.1:3001/users/queryAll" "Mozilla/5.0 (Windows NT 10.0; Win64; x64) AppleWebKit/537.36 (KHTML, like Gecko) Chrome/84.0.4147.105 Safari/537.36"
::ffff:127.0.0.1 - - [31/Jul/2020:09:25:17 +0000] "OPTIONS /users/queryAll HTTP/1.1" 200 2115 "http://localhost:3000/" "Mozilla/5.0 (Windows NT 10.0; Win64; x64) AppleWebKit/537.36 (KHTML, like Gecko) Chrome/84.0.4147.105 Safari/537.36"
::ffff:127.0.0.1 - - [31/Jul/2020:09:25:17 +0000] "GET /users/queryAll HTTP/1.1" 304 - "http://localhost:3000/" "Mozilla/5.0 (Windows NT 10.0; Win64; x64) AppleWebKit/537.36 (KHTML, like Gecko) Chrome/84.0.4147.105 Safari/537.36"
::ffff:127.0.0.1 - - [03/Aug/2020:02:54:27 +0000] "OPTIONS /users/queryAll HTTP/1.1" 200 8 "http://localhost:3000/" "Mozilla/5.0 (Windows NT 10.0; Win64; x64) AppleWebKit/537.36 (KHTML, like Gecko) Chrome/84.0.4147.105 Safari/537.36"
::ffff:127.0.0.1 - - [03/Aug/2020:02:54:27 +0000] "GET /users/queryAll HTTP/1.1" 304 - "http://localhost:3000/" "Mozilla/5.0 (Windows NT 10.0; Win64; x64) AppleWebKit/537.36 (KHTML, like Gecko) Chrome/84.0.4147.105 Safari/537.36"
::ffff:127.0.0.1 - - [03/Aug/2020:02:55:33 +0000] "OPTIONS /users/queryAll HTTP/1.1" 200 8 "http://localhost:3000/" "Mozilla/5.0 (Windows NT 10.0; Win64; x64) AppleWebKit/537.36 (KHTML, like Gecko) Chrome/84.0.4147.105 Safari/537.36"
::ffff:127.0.0.1 - - [03/Aug/2020:02:55:33 +0000] "GET /users/queryAll HTTP/1.1" 200 150 "http://localhost:3000/" "Mozilla/5.0 (Windows NT 10.0; Win64; x64) AppleWebKit/537.36 (KHTML, like Gecko) Chrome/84.0.4147.105 Safari/537.36"
::ffff:127.0.0.1 - - [03/Aug/2020:02:57:14 +0000] "OPTIONS /users/queryAll HTTP/1.1" 200 8 "http://localhost:3000/" "Mozilla/5.0 (Windows NT 10.0; Win64; x64) AppleWebKit/537.36 (KHTML, like Gecko) Chrome/84.0.4147.105 Safari/537.36"
::ffff:127.0.0.1 - - [03/Aug/2020:02:57:14 +0000] "GET /users/queryAll HTTP/1.1" 304 - "http://localhost:3000/" "Mozilla/5.0 (Windows NT 10.0; Win64; x64) AppleWebKit/537.36 (KHTML, like Gecko) Chrome/84.0.4147.105 Safari/537.36"
::ffff:127.0.0.1 - - [03/Aug/2020:02:57:17 +0000] "GET /users/queryAll HTTP/1.1" 304 - "http://localhost:3000/" "Mozilla/5.0 (Windows NT 10.0; Win64; x64) AppleWebKit/537.36 (KHTML, like Gecko) Chrome/84.0.4147.105 Safari/537.36"
::ffff:127.0.0.1 - - [03/Aug/2020:02:57:32 +0000] "OPTIONS /users/queryAll HTTP/1.1" 200 8 "http://localhost:3000/" "Mozilla/5.0 (Windows NT 10.0; Win64; x64) AppleWebKit/537.36 (KHTML, like Gecko) Chrome/84.0.4147.105 Safari/537.36"
::ffff:127.0.0.1 - - [03/Aug/2020:02:57:32 +0000] "GET /users/queryAll HTTP/1.1" 304 - "http://localhost:3000/" "Mozilla/5.0 (Windows NT 10.0; Win64; x64) AppleWebKit/537.36 (KHTML, like Gecko) Chrome/84.0.4147.105 Safari/537.36"
::ffff:127.0.0.1 - - [03/Aug/2020:02:57:34 +0000] "GET /users/queryAll HTTP/1.1" 304 - "http://localhost:3000/" "Mozilla/5.0 (Windows NT 10.0; Win64; x64) AppleWebKit/537.36 (KHTML, like Gecko) Chrome/84.0.4147.105 Safari/537.36"
::ffff:127.0.0.1 - - [03/Aug/2020:02:58:07 +0000] "OPTIONS /users/queryAll HTTP/1.1" 200 8 "http://localhost:3000/" "Mozilla/5.0 (Windows NT 10.0; Win64; x64) AppleWebKit/537.36 (KHTML, like Gecko) Chrome/84.0.4147.105 Safari/537.36"
::ffff:127.0.0.1 - - [03/Aug/2020:02:58:07 +0000] "GET /users/queryAll HTTP/1.1" 304 - "http://localhost:3000/" "Mozilla/5.0 (Windows NT 10.0; Win64; x64) AppleWebKit/537.36 (KHTML, like Gecko) Chrome/84.0.4147.105 Safari/537.36"
::ffff:127.0.0.1 - - [03/Aug/2020:02:58:12 +0000] "OPTIONS /users/queryAll HTTP/1.1" 200 8 "http://localhost:3000/" "Mozilla/5.0 (Windows NT 10.0; Win64; x64) AppleWebKit/537.36 (KHTML, like Gecko) Chrome/84.0.4147.105 Safari/537.36"
::ffff:127.0.0.1 - - [03/Aug/2020:02:58:12 +0000] "GET /users/queryAll HTTP/1.1" 304 - "http://localhost:3000/" "Mozilla/5.0 (Windows NT 10.0; Win64; x64) AppleWebKit/537.36 (KHTML, like Gecko) Chrome/84.0.4147.105 Safari/537.36"
::ffff:127.0.0.1 - - [03/Aug/2020:02:58:24 +0000] "OPTIONS /users/queryAll HTTP/1.1" 200 8 "http://localhost:3000/" "Mozilla/5.0 (Windows NT 10.0; Win64; x64) AppleWebKit/537.36 (KHTML, like Gecko) Chrome/84.0.4147.105 Safari/537.36"
::ffff:127.0.0.1 - - [03/Aug/2020:02:58:24 +0000] "GET /users/queryAll HTTP/1.1" 304 - "http://localhost:3000/" "Mozilla/5.0 (Windows NT 10.0; Win64; x64) AppleWebKit/537.36 (KHTML, like Gecko) Chrome/84.0.4147.105 Safari/537.36"
::ffff:127.0.0.1 - - [03/Aug/2020:02:58:55 +0000] "OPTIONS /users/queryAll HTTP/1.1" 200 8 "http://localhost:3000/" "Mozilla/5.0 (Windows NT 10.0; Win64; x64) AppleWebKit/537.36 (KHTML, like Gecko) Chrome/84.0.4147.105 Safari/537.36"
::ffff:127.0.0.1 - - [03/Aug/2020:02:58:55 +0000] "GET /users/queryAll HTTP/1.1" 304 - "http://localhost:3000/" "Mozilla/5.0 (Windows NT 10.0; Win64; x64) AppleWebKit/537.36 (KHTML, like Gecko) Chrome/84.0.4147.105 Safari/537.36"
::ffff:127.0.0.1 - - [03/Aug/2020:03:01:47 +0000] "OPTIONS /users/queryAll HTTP/1.1" 200 8 "http://localhost:3000/" "Mozilla/5.0 (Windows NT 10.0; Win64; x64) AppleWebKit/537.36 (KHTML, like Gecko) Chrome/84.0.4147.105 Safari/537.36"
::ffff:127.0.0.1 - - [03/Aug/2020:03:01:47 +0000] "GET /users/queryAll HTTP/1.1" 304 - "http://localhost:3000/" "Mozilla/5.0 (Windows NT 10.0; Win64; x64) AppleWebKit/537.36 (KHTML, like Gecko) Chrome/84.0.4147.105 Safari/537.36"
::ffff:127.0.0.1 - - [03/Aug/2020:03:02:04 +0000] "OPTIONS /users/queryAll HTTP/1.1" 200 8 "http://localhost:3000/" "Mozilla/5.0 (Windows NT 10.0; Win64; x64) AppleWebKit/537.36 (KHTML, like Gecko) Chrome/84.0.4147.105 Safari/537.36"
::ffff:127.0.0.1 - - [03/Aug/2020:03:02:04 +0000] "GET /users/queryAll HTTP/1.1" 304 - "http://localhost:3000/" "Mozilla/5.0 (Windows NT 10.0; Win64; x64) AppleWebKit/537.36 (KHTML, like Gecko) Chrome/84.0.4147.105 Safari/537.36"
::ffff:127.0.0.1 - - [03/Aug/2020:03:02:11 +0000] "OPTIONS /users/queryAll HTTP/1.1" 200 8 "http://localhost:3000/" "Mozilla/5.0 (Windows NT 10.0; Win64; x64) AppleWebKit/537.36 (KHTML, like Gecko) Chrome/84.0.4147.105 Safari/537.36"
::ffff:127.0.0.1 - - [03/Aug/2020:03:02:11 +0000] "GET /users/queryAll HTTP/1.1" 304 - "http://localhost:3000/" "Mozilla/5.0 (Windows NT 10.0; Win64; x64) AppleWebKit/537.36 (KHTML, like Gecko) Chrome/84.0.4147.105 Safari/537.36"
::ffff:127.0.0.1 - - [03/Aug/2020:03:03:33 +0000] "OPTIONS /users/queryAll HTTP/1.1" 200 8 "http://localhost:3000/" "Mozilla/5.0 (Windows NT 10.0; Win64; x64) AppleWebKit/537.36 (KHTML, like Gecko) Chrome/84.0.4147.105 Safari/537.36"
::ffff:127.0.0.1 - - [03/Aug/2020:03:03:33 +0000] "GET /users/queryAll HTTP/1.1" 304 - "http://localhost:3000/" "Mozilla/5.0 (Windows NT 10.0; Win64; x64) AppleWebKit/537.36 (KHTML, like Gecko) Chrome/84.0.4147.105 Safari/537.36"
::ffff:127.0.0.1 - - [03/Aug/2020:03:04:54 +0000] "OPTIONS /users/queryAll HTTP/1.1" 200 8 "http://localhost:3000/" "Mozilla/5.0 (Windows NT 10.0; Win64; x64) AppleWebKit/537.36 (KHTML, like Gecko) Chrome/84.0.4147.105 Safari/537.36"
::ffff:127.0.0.1 - - [03/Aug/2020:03:04:54 +0000] "GET /users/queryAll HTTP/1.1" 304 - "http://localhost:3000/" "Mozilla/5.0 (Windows NT 10.0; Win64; x64) AppleWebKit/537.36 (KHTML, like Gecko) Chrome/84.0.4147.105 Safari/537.36"
::ffff:127.0.0.1 - - [03/Aug/2020:03:05:41 +0000] "OPTIONS /users/queryAll HTTP/1.1" 200 8 "http://localhost:3000/" "Mozilla/5.0 (Windows NT 10.0; Win64; x64) AppleWebKit/537.36 (KHTML, like Gecko) Chrome/84.0.4147.105 Safari/537.36"
::ffff:127.0.0.1 - - [03/Aug/2020:03:05:41 +0000] "GET /users/queryAll HTTP/1.1" 304 - "http://localhost:3000/" "Mozilla/5.0 (Windows NT 10.0; Win64; x64) AppleWebKit/537.36 (KHTML, like Gecko) Chrome/84.0.4147.105 Safari/537.36"
::ffff:127.0.0.1 - - [03/Aug/2020:08:59:13 +0000] "OPTIONS /users/queryAll HTTP/1.1" 200 8 "http://localhost:3000/" "Mozilla/5.0 (Windows NT 10.0; Win64; x64) AppleWebKit/537.36 (KHTML, like Gecko) Chrome/84.0.4147.105 Safari/537.36"
::ffff:127.0.0.1 - - [03/Aug/2020:08:59:13 +0000] "GET /users/queryAll HTTP/1.1" 304 - "http://localhost:3000/" "Mozilla/5.0 (Windows NT 10.0; Win64; x64) AppleWebKit/537.36 (KHTML, like Gecko) Chrome/84.0.4147.105 Safari/537.36"
::ffff:127.0.0.1 - - [03/Aug/2020:10:03:25 +0000] "OPTIONS /users/queryAll HTTP/1.1" 200 8 "http://localhost:3000/" "Mozilla/5.0 (Windows NT 10.0; Win64; x64) AppleWebKit/537.36 (KHTML, like Gecko) Chrome/84.0.4147.105 Safari/537.36"
::ffff:127.0.0.1 - - [03/Aug/2020:10:03:25 +0000] "GET /users/queryAll HTTP/1.1" 304 - "http://localhost:3000/" "Mozilla/5.0 (Windows NT 10.0; Win64; x64) AppleWebKit/537.36 (KHTML, like Gecko) Chrome/84.0.4147.105 Safari/537.36"
